Arguments: 
  /usr/local/Cellar/node/16.1.0/bin/node /usr/local/bin/yarn add global @nest/cli

PATH: 
  /usr/local/bin:/Users/masa/opt/anaconda3/bin:/Users/masa/opt/anaconda3/condabin:/usr/local/bin:/usr/bin:/bin:/usr/sbin:/sbin:/usr/local/share/dotnet:~/.dotnet/tools:/Library/Apple/usr/bin:/Library/Frameworks/Mono.framework/Versions/Current/Commands:/Users/masa/.cargo/bin:/Users/masa/練習/webStom/KaKaBot/node_modules/.bin

Yarn version: 
  1.22.17

Node version: 
  16.1.0

Platform: 
  darwin x64

Trace: 
  Error: https://registry.yarnpkg.com/@nest%2fcli: Not found
      at Request.params.callback [as _callback] (/usr/local/lib/node_modules/yarn/lib/cli.js:67029:18)
      at Request.self.callback (/usr/local/lib/node_modules/yarn/lib/cli.js:140883:22)
      at Request.emit (node:events:365:28)
      at Request.<anonymous> (/usr/local/lib/node_modules/yarn/lib/cli.js:141855:10)
      at Request.emit (node:events:365:28)
      at IncomingMessage.<anonymous> (/usr/local/lib/node_modules/yarn/lib/cli.js:141777:12)
      at Object.onceWrapper (node:events:471:28)
      at IncomingMessage.emit (node:events:377:35)
      at endReadableNT (node:internal/streams/readable:1312:12)
      at processTicksAndRejections (node:internal/process/task_queues:83:21)

npm manifest: 
  No manifest

yarn manifest: 
  No manifest

Lockfile: 
  No lockfile
